{"/workspaces/whale-trucker-command-center/src/utils/valuation.js": {"path":"/workspaces/whale-trucker-command-center/src/utils/valuation.js","statementMap":{"0":{"start":{"line":3,"column":4},"end":{"line":5,"column":10}},"1":{"start":{"line":4,"column":8},"end":{"line":4,"column":53}},"2":{"start":{"line":9,"column":0},"end":{"line":9,"column":41}}},"fnMap":{"0":{"name":"calculateTotalValue","decl":{"start":{"line":1,"column":9},"end":{"line":1,"column":28}},"loc":{"start":{"line":1,"column":37},"end":{"line":6,"column":1}},"line":1},"1":{"name":"(anonymous_1)","decl":{"start":{"line":3,"column":25},"end":{"line":3,"column":26}},"loc":{"start":{"line":3,"column":43},"end":{"line":5,"column":5}},"line":3}},"branchMap":{},"s":{"0":2,"1":2,"2":1},"f":{"0":2,"1":2},"b":{},"_coverageSchema":"1a1c01bbd47fc00a2c39e90264f33305004495a9","hash":"25a45cb085a730ebf69f97527b45b19f87721622"}
}
